<?xml version="1.0" encoding="UTF-8"?>
<!-- Generated by org.testng.reporters.JUnitReportReporter -->
<testsuite hostname="DESKTOP-QMAKQJB" failures="0" tests="1" name="com.rest.JsonSchemaValidation" time="3.956" errors="0" timestamp="2024-06-16T11:43:31 IST" skipped="0">
  <testcase classname="com.rest.JsonSchemaValidation" name="testRest" time="3.956"/>
  <system-out/>
</testsuite> <!-- com.rest.JsonSchemaValidation -->
