<?xml version="1.0" encoding="UTF-8"?>
<!-- Generated by org.testng.reporters.JUnitReportReporter -->
<testsuite hostname="DESKTOP-QMAKQJB" failures="0" tests="1" name="com.rest.sendPayloadFromFile" time="3.867" errors="0" timestamp="2024-06-15T17:56:39 IST" skipped="0">
  <testcase classname="com.rest.sendPayloadFromFile" name="validate_Delete_request_bdd_style" time="3.867"/>
  <system-out/>
</testsuite> <!-- com.rest.sendPayloadFromFile -->
