<?xml version="1.0" encoding="UTF-8"?>
<!-- Generated by org.testng.reporters.JUnitReportReporter -->
<testsuite hostname="DESKTOP-QMAKQJB" failures="0" tests="1" name="com.rest.Filters" time="2.412" errors="0" timestamp="2024-06-16T12:15:40 IST" skipped="0">
  <testcase classname="com.rest.Filters" name="logginFiltersToFileUsingGlobalConfig" time="2.412"/>
  <system-out/>
</testsuite> <!-- com.rest.Filters -->
