<?xml version="1.0" encoding="UTF-8"?>
<!-- Generated by org.testng.reporters.JUnitReportReporter -->
<testsuite hostname="DESKTOP-QMAKQJB" failures="0" tests="1" name="com.rest.JacksonAPI" time="3.558" errors="0" timestamp="2024-06-16T12:44:05 IST" skipped="0">
  <testcase classname="com.rest.JacksonAPI" name="sendPayLoadAsJsonArray" time="3.558"/>
  <system-out/>
</testsuite> <!-- com.rest.JacksonAPI -->
