<?xml version="1.0" encoding="UTF-8"?>
<!-- Generated by org.testng.reporters.JUnitReportReporter -->
<testsuite hostname="DESKTOP-QMAKQJB" failures="0" tests="1" name="com.rest.RequestParameters" time="2.223" errors="0" timestamp="2024-06-15T20:41:05 IST" skipped="0">
  <testcase classname="com.rest.RequestParameters" name="downloadFileMultipartFromData" time="2.223"/>
  <system-out/>
</testsuite> <!-- com.rest.RequestParameters -->
