<?xml version="1.0" encoding="UTF-8"?>
<!-- Generated by org.testng.reporters.JUnitReportReporter -->
<testsuite hostname="DESKTOP-QMAKQJB" failures="0" tests="1" name="com.rest.TestRest" time="2.745" errors="0" timestamp="2024-06-15T21:01:04 IST" skipped="0">
  <testcase classname="com.rest.TestRest" name="extractResponse" time="2.745"/>
  <system-out/>
</testsuite> <!-- com.rest.TestRest -->
