<?xml version="1.0" encoding="UTF-8"?>
<!-- Generated by org.testng.reporters.JUnitReportReporter -->
<testsuite hostname="DESKTOP-QMAKQJB" failures="0" tests="1" name="com.rest.sendPayload" time="4.034" errors="0" timestamp="2024-06-15T18:05:23 IST" skipped="0">
  <testcase classname="com.rest.sendPayload" name="sendPayLoadAsObject" time="4.034"/>
  <system-out/>
</testsuite> <!-- com.rest.sendPayload -->
